<?xml version='1.0'?>
<ns2:test-suite xmlns:ns2='urn:model.allure.qatools.yandex.ru' start='1626359675309' stop='1626359675366'>
    <name>Registration Fixture</name>
    <title>Registration Fixture</title>
    <test-cases>
        <test-case start='1626359675309' status='failed' stop='1626359684986'>
            <name>Assert Homes Page Test</name>
            <title>Assert Homes Page Test</title>
            <labels>
                <label name='severity' value='undefined'/>
            </labels>
            <parameters>
                <parameter kind='argument' name='User Agent' value='Chrome 91.0.4472.114 / Linux 0.0'/>
            </parameters>
            <steps/>
            <attachments/>
            <failure>
                <message>AssertionError: expected true to be falsy</message>
                <stack-trace>AssertionError: expected true to be falsy
                
                Browser: Chrome 91.0.4472.114 / Linux 0.0
                
                   14 |
                   15 |test('Assert Homes Page Test', async t => {
                   16 |    await t 
                   17 |        .expect(getURL()).eql(URL)
                   18 |        .takeScreenshot()
                 > 19 |        .expect(HomePage.subtitleHeader.exists).notOk();
                   20 |
                   21 |})
                   22 |dataSet.forEach(data =>{
                   23 |test('User Registration and Login Test', async t => {
                   24 |    await t
                
                   at &lt;anonymous> (/home/accountfy/Documents/TestCafe-tests/TestCafeDemo/test/RegistrationTest.js:19:49)
                   at asyncGeneratorStep (/home/accountfy/Documents/TestCafe-tests/TestCafeDemo/test/RegistrationTest.js:5:271)
                   at _next (/home/accountfy/Documents/TestCafe-tests/TestCafeDemo/test/RegistrationTest.js:5:609)
                   at &lt;anonymous> (/home/accountfy/Documents/TestCafe-tests/TestCafeDemo/test/RegistrationTest.js:5:774)
                   at &lt;anonymous> (/home/accountfy/Documents/TestCafe-tests/TestCafeDemo/test/RegistrationTest.js:5:515)
                   at &lt;anonymous> (/home/accountfy/Documents/TestCafe-tests/TestCafeDemo/test/RegistrationTest.js:15:5)</stack-trace>
            </failure>
        </test-case>
    </test-cases>
</ns2:test-suite>